[2018-09-02 10:29:27,515] INFO (AuthFilter.java:39):/
[2018-09-02 10:29:27,531] WARN (AuthFilter.java:41):/
[2018-09-02 10:29:27,532]ERROR (AuthFilter.java:43):/
[2018-09-02 10:29:27,532]FATAL (AuthFilter.java:45):/
[2018-09-02 10:32:28,788] INFO (AuthFilter.java:39):/mMusic/mMusicList
[2018-09-02 10:32:28,790] WARN (AuthFilter.java:41):/mMusic/mMusicList
[2018-09-02 10:32:28,791]ERROR (AuthFilter.java:43):/mMusic/mMusicList
[2018-09-02 10:32:28,792]FATAL (AuthFilter.java:45):/mMusic/mMusicList
[2018-09-02 10:32:30,186] INFO (AuthFilter.java:39):/css/simple-sidebar.css
[2018-09-02 10:32:30,186] INFO (AuthFilter.java:39):/vendor/bootstrap/css/bootstrap.min.css
[2018-09-02 10:32:30,187] INFO (AuthFilter.java:39):/css/common.css
[2018-09-02 10:32:30,187] WARN (AuthFilter.java:41):/css/common.css
[2018-09-02 10:32:30,186] WARN (AuthFilter.java:41):/css/simple-sidebar.css
[2018-09-02 10:32:30,190]ERROR (AuthFilter.java:43):/css/simple-sidebar.css
[2018-09-02 10:32:30,191]FATAL (AuthFilter.java:45):/css/simple-sidebar.css
[2018-09-02 10:32:30,187]ERROR (AuthFilter.java:43):/css/common.css
[2018-09-02 10:32:30,198]FATAL (AuthFilter.java:45):/css/common.css
[2018-09-02 10:32:30,200] INFO (AuthFilter.java:39):/vendor/bootstrap/js/bootstrap.bundle.min.js
[2018-09-02 10:32:30,187] INFO (AuthFilter.java:39):/vendor/jquery/jquery.min.js
[2018-09-02 10:32:30,201] WARN (AuthFilter.java:41):/vendor/jquery/jquery.min.js
[2018-09-02 10:32:30,201]ERROR (AuthFilter.java:43):/vendor/jquery/jquery.min.js
[2018-09-02 10:32:30,201]FATAL (AuthFilter.java:45):/vendor/jquery/jquery.min.js
[2018-09-02 10:32:30,187] WARN (AuthFilter.java:41):/vendor/bootstrap/css/bootstrap.min.css
[2018-09-02 10:32:30,203]ERROR (AuthFilter.java:43):/vendor/bootstrap/css/bootstrap.min.css
[2018-09-02 10:32:30,203]FATAL (AuthFilter.java:45):/vendor/bootstrap/css/bootstrap.min.css
[2018-09-02 10:32:30,201] WARN (AuthFilter.java:41):/vendor/bootstrap/js/bootstrap.bundle.min.js
[2018-09-02 10:32:30,207]ERROR (AuthFilter.java:43):/vendor/bootstrap/js/bootstrap.bundle.min.js
[2018-09-02 10:32:30,207]FATAL (AuthFilter.java:45):/vendor/bootstrap/js/bootstrap.bundle.min.js
[2018-09-02 10:32:30,214] INFO (AuthFilter.java:39):/vendor/common.js
[2018-09-02 10:32:30,215] WARN (AuthFilter.java:41):/vendor/common.js
[2018-09-02 10:32:30,215]ERROR (AuthFilter.java:43):/vendor/common.js
[2018-09-02 10:32:30,215]FATAL (AuthFilter.java:45):/vendor/common.js
[2018-09-02 10:32:30,681] INFO (AuthFilter.java:39):/favicon.ico
[2018-09-02 10:32:30,681] WARN (AuthFilter.java:41):/favicon.ico
[2018-09-02 10:32:30,682]ERROR (AuthFilter.java:43):/favicon.ico
[2018-09-02 10:32:30,682]FATAL (AuthFilter.java:45):/favicon.ico
[2018-09-02 10:32:32,461] INFO (AuthFilter.java:39):/mMusic/mMusicView
[2018-09-02 10:32:32,464] WARN (AuthFilter.java:41):/mMusic/mMusicView
[2018-09-02 10:32:32,464]ERROR (AuthFilter.java:43):/mMusic/mMusicView
[2018-09-02 10:32:32,464]FATAL (AuthFilter.java:45):/mMusic/mMusicView
[2018-09-02 10:32:35,192] INFO (AuthFilter.java:39):/mMusic/mMusicDelete
[2018-09-02 10:32:35,193] WARN (AuthFilter.java:41):/mMusic/mMusicDelete
[2018-09-02 10:32:35,194]ERROR (AuthFilter.java:43):/mMusic/mMusicDelete
[2018-09-02 10:32:35,194]FATAL (AuthFilter.java:45):/mMusic/mMusicDelete
[2018-09-02 10:32:40,085] INFO (AuthFilter.java:39):/views/mMusic/mMusicInsert
[2018-09-02 10:32:40,086] WARN (AuthFilter.java:41):/views/mMusic/mMusicInsert
[2018-09-02 10:32:40,086]ERROR (AuthFilter.java:43):/views/mMusic/mMusicInsert
[2018-09-02 10:32:40,086]FATAL (AuthFilter.java:45):/views/mMusic/mMusicInsert
[2018-09-02 10:33:01,441] INFO (AuthFilter.java:39):/mMusic/mMusicInsert
[2018-09-02 10:33:01,441] WARN (AuthFilter.java:41):/mMusic/mMusicInsert
[2018-09-02 10:33:01,441]ERROR (AuthFilter.java:43):/mMusic/mMusicInsert
[2018-09-02 10:33:01,442]FATAL (AuthFilter.java:45):/mMusic/mMusicInsert
[2018-09-02 10:33:02,805] INFO (AuthFilter.java:39):/mMusic/mMusicList
[2018-09-02 10:33:02,805] WARN (AuthFilter.java:41):/mMusic/mMusicList
[2018-09-02 10:33:02,806]ERROR (AuthFilter.java:43):/mMusic/mMusicList
[2018-09-02 10:33:02,806]FATAL (AuthFilter.java:45):/mMusic/mMusicList
[2018-09-02 10:33:05,306] INFO (AuthFilter.java:39):/mMusic/mMusicView
[2018-09-02 10:33:05,306] WARN (AuthFilter.java:41):/mMusic/mMusicView
[2018-09-02 10:33:05,307]ERROR (AuthFilter.java:43):/mMusic/mMusicView
[2018-09-02 10:33:05,308]FATAL (AuthFilter.java:45):/mMusic/mMusicView
[2018-09-02 10:47:00,954] INFO (AuthFilter.java:39):/mMusic/mMusicView
[2018-09-02 10:47:00,966] WARN (AuthFilter.java:41):/mMusic/mMusicView
[2018-09-02 10:47:00,966]ERROR (AuthFilter.java:43):/mMusic/mMusicView
[2018-09-02 10:47:00,966]FATAL (AuthFilter.java:45):/mMusic/mMusicView
[2018-09-02 10:47:03,074] INFO (AuthFilter.java:39):/mMusic/mMusicDelete
[2018-09-02 10:47:03,076] WARN (AuthFilter.java:41):/mMusic/mMusicDelete
[2018-09-02 10:47:03,076]ERROR (AuthFilter.java:43):/mMusic/mMusicDelete
[2018-09-02 10:47:03,077]FATAL (AuthFilter.java:45):/mMusic/mMusicDelete
[2018-09-02 10:51:30,993] INFO (AuthFilter.java:39):/
[2018-09-02 10:51:31,003] WARN (AuthFilter.java:41):/
[2018-09-02 10:51:31,004]ERROR (AuthFilter.java:43):/
[2018-09-02 10:51:31,004]FATAL (AuthFilter.java:45):/
[2018-09-02 10:52:07,298] INFO (AuthFilter.java:39):/mMusic/mMusicList
[2018-09-02 10:52:07,300] WARN (AuthFilter.java:41):/mMusic/mMusicList
[2018-09-02 10:52:07,300]ERROR (AuthFilter.java:43):/mMusic/mMusicList
[2018-09-02 10:52:07,304]FATAL (AuthFilter.java:45):/mMusic/mMusicList
[2018-09-02 10:52:09,907] INFO (AuthFilter.java:39):/mMusic/mMusicView
[2018-09-02 10:52:09,908] WARN (AuthFilter.java:41):/mMusic/mMusicView
[2018-09-02 10:52:09,908]ERROR (AuthFilter.java:43):/mMusic/mMusicView
[2018-09-02 10:52:09,909]FATAL (AuthFilter.java:45):/mMusic/mMusicView
[2018-09-02 10:52:11,054] INFO (AuthFilter.java:39):/mMusic/mMusicDelete
[2018-09-02 10:52:11,055] WARN (AuthFilter.java:41):/mMusic/mMusicDelete
[2018-09-02 10:52:11,055]ERROR (AuthFilter.java:43):/mMusic/mMusicDelete
[2018-09-02 10:52:11,056]FATAL (AuthFilter.java:45):/mMusic/mMusicDelete
[2018-09-02 10:54:23,736] INFO (AuthFilter.java:39):/mMusic/mMusicList
[2018-09-02 10:54:23,736] WARN (AuthFilter.java:41):/mMusic/mMusicList
[2018-09-02 10:54:23,737]ERROR (AuthFilter.java:43):/mMusic/mMusicList
[2018-09-02 10:54:23,737]FATAL (AuthFilter.java:45):/mMusic/mMusicList
[2018-09-02 10:54:24,595] INFO (AuthFilter.java:39):/mMusic/mMusicList
[2018-09-02 10:54:24,595] WARN (AuthFilter.java:41):/mMusic/mMusicList
[2018-09-02 10:54:24,596]ERROR (AuthFilter.java:43):/mMusic/mMusicList
[2018-09-02 10:54:24,596]FATAL (AuthFilter.java:45):/mMusic/mMusicList
[2018-09-02 10:54:26,149] INFO (AuthFilter.java:39):/mMusic/mMusicView
[2018-09-02 10:54:26,149] WARN (AuthFilter.java:41):/mMusic/mMusicView
[2018-09-02 10:54:26,150]ERROR (AuthFilter.java:43):/mMusic/mMusicView
[2018-09-02 10:54:26,150]FATAL (AuthFilter.java:45):/mMusic/mMusicView
[2018-09-02 10:54:40,124] INFO (AuthFilter.java:39):/mMusic/mMusicDelete
[2018-09-02 10:54:40,125] WARN (AuthFilter.java:41):/mMusic/mMusicDelete
[2018-09-02 10:54:40,127]ERROR (AuthFilter.java:43):/mMusic/mMusicDelete
[2018-09-02 10:54:40,127]FATAL (AuthFilter.java:45):/mMusic/mMusicDelete
[2018-09-02 10:54:46,569] INFO (AuthFilter.java:39):/mMusic/mMusicView
[2018-09-02 10:54:46,570] WARN (AuthFilter.java:41):/mMusic/mMusicView
[2018-09-02 10:54:46,570]ERROR (AuthFilter.java:43):/mMusic/mMusicView
[2018-09-02 10:54:46,570]FATAL (AuthFilter.java:45):/mMusic/mMusicView
[2018-09-02 10:54:47,718] INFO (AuthFilter.java:39):/mMusic/mMusicDelete
[2018-09-02 10:54:47,719] WARN (AuthFilter.java:41):/mMusic/mMusicDelete
[2018-09-02 10:54:47,719]ERROR (AuthFilter.java:43):/mMusic/mMusicDelete
[2018-09-02 10:54:47,720]FATAL (AuthFilter.java:45):/mMusic/mMusicDelete
[2018-09-02 10:55:49,231] INFO (AuthFilter.java:39):/mMusic/mMusicList
[2018-09-02 10:55:49,232] WARN (AuthFilter.java:41):/mMusic/mMusicList
[2018-09-02 10:55:49,232]ERROR (AuthFilter.java:43):/mMusic/mMusicList
[2018-09-02 10:55:49,233]FATAL (AuthFilter.java:45):/mMusic/mMusicList
[2018-09-02 10:55:51,276] INFO (AuthFilter.java:39):/mMusic/mMusicView
[2018-09-02 10:55:51,276] WARN (AuthFilter.java:41):/mMusic/mMusicView
[2018-09-02 10:55:51,277]ERROR (AuthFilter.java:43):/mMusic/mMusicView
[2018-09-02 10:55:51,277]FATAL (AuthFilter.java:45):/mMusic/mMusicView
[2018-09-02 10:56:09,001] INFO (AuthFilter.java:39):/mMusic/mMusicView
[2018-09-02 10:56:09,002] WARN (AuthFilter.java:41):/mMusic/mMusicView
[2018-09-02 10:56:09,002]ERROR (AuthFilter.java:43):/mMusic/mMusicView
[2018-09-02 10:56:09,002]FATAL (AuthFilter.java:45):/mMusic/mMusicView
[2018-09-02 10:56:11,387] INFO (AuthFilter.java:39):/mMusic/mMusicDelete
[2018-09-02 10:56:11,388] WARN (AuthFilter.java:41):/mMusic/mMusicDelete
[2018-09-02 10:56:11,389]ERROR (AuthFilter.java:43):/mMusic/mMusicDelete
[2018-09-02 10:56:11,389]FATAL (AuthFilter.java:45):/mMusic/mMusicDelete
[2018-09-02 10:56:13,245] INFO (AuthFilter.java:39):/mMusic/mMusicDelete
[2018-09-02 10:56:13,246] WARN (AuthFilter.java:41):/mMusic/mMusicDelete
[2018-09-02 10:56:13,246]ERROR (AuthFilter.java:43):/mMusic/mMusicDelete
[2018-09-02 10:56:13,246]FATAL (AuthFilter.java:45):/mMusic/mMusicDelete
[2018-09-02 10:56:19,012] INFO (AuthFilter.java:39):/mMusic/mMusicList
[2018-09-02 10:56:19,013] WARN (AuthFilter.java:41):/mMusic/mMusicList
[2018-09-02 10:56:19,013]ERROR (AuthFilter.java:43):/mMusic/mMusicList
[2018-09-02 10:56:19,013]FATAL (AuthFilter.java:45):/mMusic/mMusicList
[2018-09-02 10:59:53,091] INFO (AuthFilter.java:39):/
[2018-09-02 10:59:53,102] WARN (AuthFilter.java:41):/
[2018-09-02 10:59:53,102]ERROR (AuthFilter.java:43):/
[2018-09-02 10:59:53,103]FATAL (AuthFilter.java:45):/
[2018-09-02 11:02:42,840] INFO (AuthFilter.java:39):/
[2018-09-02 11:02:42,849] WARN (AuthFilter.java:41):/
[2018-09-02 11:02:42,850]ERROR (AuthFilter.java:43):/
[2018-09-02 11:02:42,850]FATAL (AuthFilter.java:45):/
[2018-09-02 11:02:48,668] INFO (AuthFilter.java:39):/mMusic/mMusicList
[2018-09-02 11:02:48,671] WARN (AuthFilter.java:41):/mMusic/mMusicList
[2018-09-02 11:02:48,672]ERROR (AuthFilter.java:43):/mMusic/mMusicList
[2018-09-02 11:02:48,672]FATAL (AuthFilter.java:45):/mMusic/mMusicList
[2018-09-02 11:02:51,708] INFO (AuthFilter.java:39):/mMusic/mMusicView
[2018-09-02 11:02:51,709] WARN (AuthFilter.java:41):/mMusic/mMusicView
[2018-09-02 11:02:51,710]ERROR (AuthFilter.java:43):/mMusic/mMusicView
[2018-09-02 11:02:51,711]FATAL (AuthFilter.java:45):/mMusic/mMusicView
[2018-09-02 11:02:54,278] INFO (AuthFilter.java:39):/mMusic/mMusicDelete
[2018-09-02 11:02:54,279] WARN (AuthFilter.java:41):/mMusic/mMusicDelete
[2018-09-02 11:02:54,280]ERROR (AuthFilter.java:43):/mMusic/mMusicDelete
[2018-09-02 11:02:54,280]FATAL (AuthFilter.java:45):/mMusic/mMusicDelete
[2018-09-02 11:02:56,668] INFO (AuthFilter.java:39):/mMusic/mMusicDelete
[2018-09-02 11:02:56,669] WARN (AuthFilter.java:41):/mMusic/mMusicDelete
[2018-09-02 11:02:56,670]ERROR (AuthFilter.java:43):/mMusic/mMusicDelete
[2018-09-02 11:02:56,671]FATAL (AuthFilter.java:45):/mMusic/mMusicDelete
[2018-09-02 11:07:13,053] INFO (AuthFilter.java:39):/mMusic/mMusicList
[2018-09-02 11:07:13,054] WARN (AuthFilter.java:41):/mMusic/mMusicList
[2018-09-02 11:07:13,054]ERROR (AuthFilter.java:43):/mMusic/mMusicList
[2018-09-02 11:07:13,055]FATAL (AuthFilter.java:45):/mMusic/mMusicList
[2018-09-02 11:07:14,567] INFO (AuthFilter.java:39):/mMusic/mMusicList
[2018-09-02 11:07:14,568] WARN (AuthFilter.java:41):/mMusic/mMusicList
[2018-09-02 11:07:14,568]ERROR (AuthFilter.java:43):/mMusic/mMusicList
[2018-09-02 11:07:14,568]FATAL (AuthFilter.java:45):/mMusic/mMusicList
[2018-09-02 11:07:15,246] INFO (AuthFilter.java:39):/mMusic/mMusicList
[2018-09-02 11:07:15,247] WARN (AuthFilter.java:41):/mMusic/mMusicList
[2018-09-02 11:07:15,247]ERROR (AuthFilter.java:43):/mMusic/mMusicList
[2018-09-02 11:07:15,247]FATAL (AuthFilter.java:45):/mMusic/mMusicList
[2018-09-02 11:07:17,544] INFO (AuthFilter.java:39):/mMusic/mMusicView
[2018-09-02 11:07:17,544] WARN (AuthFilter.java:41):/mMusic/mMusicView
[2018-09-02 11:07:17,545]ERROR (AuthFilter.java:43):/mMusic/mMusicView
[2018-09-02 11:07:17,545]FATAL (AuthFilter.java:45):/mMusic/mMusicView
[2018-09-02 11:07:18,910] INFO (AuthFilter.java:39):/mMusic/mMusicDelete
[2018-09-02 11:07:18,911] WARN (AuthFilter.java:41):/mMusic/mMusicDelete
[2018-09-02 11:07:18,911]ERROR (AuthFilter.java:43):/mMusic/mMusicDelete
[2018-09-02 11:07:18,912]FATAL (AuthFilter.java:45):/mMusic/mMusicDelete
[2018-09-02 11:07:43,647] INFO (AuthFilter.java:39):/mMusic/mMusicList
[2018-09-02 11:07:43,648] WARN (AuthFilter.java:41):/mMusic/mMusicList
[2018-09-02 11:07:43,648]ERROR (AuthFilter.java:43):/mMusic/mMusicList
[2018-09-02 11:07:43,648]FATAL (AuthFilter.java:45):/mMusic/mMusicList
[2018-09-02 11:07:44,424] INFO (AuthFilter.java:39):/mMusic/mMusicList
[2018-09-02 11:07:44,424] WARN (AuthFilter.java:41):/mMusic/mMusicList
[2018-09-02 11:07:44,425]ERROR (AuthFilter.java:43):/mMusic/mMusicList
[2018-09-02 11:07:44,425]FATAL (AuthFilter.java:45):/mMusic/mMusicList
[2018-09-02 11:07:45,601] INFO (AuthFilter.java:39):/views/mMusic/mMusicInsert
[2018-09-02 11:07:45,602] WARN (AuthFilter.java:41):/views/mMusic/mMusicInsert
[2018-09-02 11:07:45,603]ERROR (AuthFilter.java:43):/views/mMusic/mMusicInsert
[2018-09-02 11:07:45,603]FATAL (AuthFilter.java:45):/views/mMusic/mMusicInsert
[2018-09-02 11:14:34,066] INFO (AuthFilter.java:39):/mMusic/mMusicList
[2018-09-02 11:14:34,076] WARN (AuthFilter.java:41):/mMusic/mMusicList
[2018-09-02 11:14:34,077]ERROR (AuthFilter.java:43):/mMusic/mMusicList
[2018-09-02 11:14:34,077]FATAL (AuthFilter.java:45):/mMusic/mMusicList
[2018-09-02 11:14:36,843] INFO (AuthFilter.java:39):/mMusic/mMusicView
[2018-09-02 11:14:36,844] WARN (AuthFilter.java:41):/mMusic/mMusicView
[2018-09-02 11:14:36,845]ERROR (AuthFilter.java:43):/mMusic/mMusicView
[2018-09-02 11:14:36,845]FATAL (AuthFilter.java:45):/mMusic/mMusicView
[2018-09-02 11:14:40,228] INFO (AuthFilter.java:39):/mMusic/mMusicDelete
[2018-09-02 11:14:40,229] WARN (AuthFilter.java:41):/mMusic/mMusicDelete
[2018-09-02 11:14:40,229]ERROR (AuthFilter.java:43):/mMusic/mMusicDelete
[2018-09-02 11:14:40,230]FATAL (AuthFilter.java:45):/mMusic/mMusicDelete
[2018-09-02 11:17:27,278] INFO (AuthFilter.java:39):/mMusic/mMusicList
[2018-09-02 11:17:27,289] WARN (AuthFilter.java:41):/mMusic/mMusicList
[2018-09-02 11:17:27,289]ERROR (AuthFilter.java:43):/mMusic/mMusicList
[2018-09-02 11:17:27,290]FATAL (AuthFilter.java:45):/mMusic/mMusicList
[2018-09-02 11:17:50,564] INFO (AuthFilter.java:39):/mMusic/mMusicView
[2018-09-02 11:17:50,565] WARN (AuthFilter.java:41):/mMusic/mMusicView
[2018-09-02 11:17:50,565]ERROR (AuthFilter.java:43):/mMusic/mMusicView
[2018-09-02 11:17:50,566]FATAL (AuthFilter.java:45):/mMusic/mMusicView
[2018-09-02 11:17:52,364] INFO (AuthFilter.java:39):/mMusic/mMusicDelete
[2018-09-02 11:17:52,365] WARN (AuthFilter.java:41):/mMusic/mMusicDelete
[2018-09-02 11:17:52,365]ERROR (AuthFilter.java:43):/mMusic/mMusicDelete
[2018-09-02 11:17:52,365]FATAL (AuthFilter.java:45):/mMusic/mMusicDelete
[2018-09-02 11:17:53,980] INFO (AuthFilter.java:39):/mMusic/mMusicList
[2018-09-02 11:17:53,980] WARN (AuthFilter.java:41):/mMusic/mMusicList
[2018-09-02 11:17:53,981]ERROR (AuthFilter.java:43):/mMusic/mMusicList
[2018-09-02 11:17:53,981]FATAL (AuthFilter.java:45):/mMusic/mMusicList
[2018-09-02 11:23:32,230] INFO (AuthFilter.java:39):/menu2/menuList
[2018-09-02 11:23:32,231] WARN (AuthFilter.java:41):/menu2/menuList
[2018-09-02 11:23:32,231]ERROR (AuthFilter.java:43):/menu2/menuList
[2018-09-02 11:23:32,231]FATAL (AuthFilter.java:45):/menu2/menuList
[2018-09-02 11:23:39,654] INFO (AuthFilter.java:39):/menu2/menuView
[2018-09-02 11:23:39,654] WARN (AuthFilter.java:41):/menu2/menuView
[2018-09-02 11:23:39,655]ERROR (AuthFilter.java:43):/menu2/menuView
[2018-09-02 11:23:39,655]FATAL (AuthFilter.java:45):/menu2/menuView
[2018-09-02 11:23:43,155] INFO (AuthFilter.java:39):/menu2/menuUpdate
[2018-09-02 11:23:43,156] WARN (AuthFilter.java:41):/menu2/menuUpdate
[2018-09-02 11:23:43,157]ERROR (AuthFilter.java:43):/menu2/menuUpdate
[2018-09-02 11:23:43,157]FATAL (AuthFilter.java:45):/menu2/menuUpdate
[2018-09-02 11:23:44,452] INFO (AuthFilter.java:39):/menu2/menuList
[2018-09-02 11:23:44,452] WARN (AuthFilter.java:41):/menu2/menuList
[2018-09-02 11:23:44,452]ERROR (AuthFilter.java:43):/menu2/menuList
[2018-09-02 11:23:44,452]FATAL (AuthFilter.java:45):/menu2/menuList
[2018-09-02 11:23:46,217] INFO (AuthFilter.java:39):/views/menu2/menuInsert
[2018-09-02 11:23:46,217] WARN (AuthFilter.java:41):/views/menu2/menuInsert
[2018-09-02 11:23:46,218]ERROR (AuthFilter.java:43):/views/menu2/menuInsert
[2018-09-02 11:23:46,218]FATAL (AuthFilter.java:45):/views/menu2/menuInsert
[2018-09-02 11:23:51,716] INFO (AuthFilter.java:39):/menu2/menuInsert
[2018-09-02 11:23:51,717] WARN (AuthFilter.java:41):/menu2/menuInsert
[2018-09-02 11:23:51,717]ERROR (AuthFilter.java:43):/menu2/menuInsert
[2018-09-02 11:23:51,717]FATAL (AuthFilter.java:45):/menu2/menuInsert
[2018-09-02 11:23:52,826] INFO (AuthFilter.java:39):/menu2/menuList
[2018-09-02 11:23:52,827] WARN (AuthFilter.java:41):/menu2/menuList
[2018-09-02 11:23:52,827]ERROR (AuthFilter.java:43):/menu2/menuList
[2018-09-02 11:23:52,828]FATAL (AuthFilter.java:45):/menu2/menuList
[2018-09-02 11:23:55,673] INFO (AuthFilter.java:39):/menu2/menuView
[2018-09-02 11:23:55,674] WARN (AuthFilter.java:41):/menu2/menuView
[2018-09-02 11:23:55,674]ERROR (AuthFilter.java:43):/menu2/menuView
[2018-09-02 11:23:55,675]FATAL (AuthFilter.java:45):/menu2/menuView
[2018-09-02 11:23:57,163] INFO (AuthFilter.java:39):/menu2/menuDelete
[2018-09-02 11:23:57,164] WARN (AuthFilter.java:41):/menu2/menuDelete
[2018-09-02 11:23:57,164]ERROR (AuthFilter.java:43):/menu2/menuDelete
[2018-09-02 11:23:57,165]FATAL (AuthFilter.java:45):/menu2/menuDelete
[2018-09-02 11:23:58,383] INFO (AuthFilter.java:39):/menu2/menuList
[2018-09-02 11:23:58,383] WARN (AuthFilter.java:41):/menu2/menuList
[2018-09-02 11:23:58,384]ERROR (AuthFilter.java:43):/menu2/menuList
[2018-09-02 11:23:58,384]FATAL (AuthFilter.java:45):/menu2/menuList
[2018-09-02 12:12:30,419] INFO (AuthFilter.java:39):/mMusic/mMusicList
[2018-09-02 12:12:30,431] WARN (AuthFilter.java:41):/mMusic/mMusicList
[2018-09-02 12:12:30,431]ERROR (AuthFilter.java:43):/mMusic/mMusicList
[2018-09-02 12:12:30,432]FATAL (AuthFilter.java:45):/mMusic/mMusicList
[2018-09-02 12:12:33,010] INFO (AuthFilter.java:39):/mMusic/mMusicView
[2018-09-02 12:12:33,013] WARN (AuthFilter.java:41):/mMusic/mMusicView
[2018-09-02 12:12:33,014]ERROR (AuthFilter.java:43):/mMusic/mMusicView
[2018-09-02 12:12:33,014]FATAL (AuthFilter.java:45):/mMusic/mMusicView
[2018-09-02 12:12:34,098] INFO (AuthFilter.java:39):/mMusic/mMusicDelete
[2018-09-02 12:12:34,099] WARN (AuthFilter.java:41):/mMusic/mMusicDelete
[2018-09-02 12:12:34,100]ERROR (AuthFilter.java:43):/mMusic/mMusicDelete
[2018-09-02 12:12:34,100]FATAL (AuthFilter.java:45):/mMusic/mMusicDelete
[2018-09-02 12:12:35,185] INFO (AuthFilter.java:39):/mMusic/mMusicList
[2018-09-02 12:12:35,186] WARN (AuthFilter.java:41):/mMusic/mMusicList
[2018-09-02 12:12:35,186]ERROR (AuthFilter.java:43):/mMusic/mMusicList
[2018-09-02 12:12:35,186]FATAL (AuthFilter.java:45):/mMusic/mMusicList
[2018-09-02 12:13:13,334] INFO (AuthFilter.java:39):/menu2/menuList
[2018-09-02 12:13:13,335] WARN (AuthFilter.java:41):/menu2/menuList
[2018-09-02 12:13:13,335]ERROR (AuthFilter.java:43):/menu2/menuList
[2018-09-02 12:13:13,335]FATAL (AuthFilter.java:45):/menu2/menuList
[2018-09-02 12:13:14,849] INFO (AuthFilter.java:39):/menu2/menuView
[2018-09-02 12:13:14,850] WARN (AuthFilter.java:41):/menu2/menuView
[2018-09-02 12:13:14,850]ERROR (AuthFilter.java:43):/menu2/menuView
[2018-09-02 12:13:14,851]FATAL (AuthFilter.java:45):/menu2/menuView
[2018-09-02 12:17:35,532] INFO (AuthFilter.java:39):/mMusic/mMusicList
[2018-09-02 12:17:35,532] WARN (AuthFilter.java:41):/mMusic/mMusicList
[2018-09-02 12:17:35,533]ERROR (AuthFilter.java:43):/mMusic/mMusicList
[2018-09-02 12:17:35,533]FATAL (AuthFilter.java:45):/mMusic/mMusicList
[2018-09-02 12:17:38,576] INFO (AuthFilter.java:39):/mMusic/mMusicView
[2018-09-02 12:17:38,577] WARN (AuthFilter.java:41):/mMusic/mMusicView
[2018-09-02 12:17:38,577]ERROR (AuthFilter.java:43):/mMusic/mMusicView
[2018-09-02 12:17:38,578]FATAL (AuthFilter.java:45):/mMusic/mMusicView
[2018-09-02 12:17:41,553] INFO (AuthFilter.java:39):/mMusic/mMusicUpdate
[2018-09-02 12:17:41,554] WARN (AuthFilter.java:41):/mMusic/mMusicUpdate
[2018-09-02 12:17:41,554]ERROR (AuthFilter.java:43):/mMusic/mMusicUpdate
[2018-09-02 12:17:41,554]FATAL (AuthFilter.java:45):/mMusic/mMusicUpdate
[2018-09-02 12:17:44,810] INFO (AuthFilter.java:39):/mMusic/mMusicUpdate
[2018-09-02 12:17:44,811] WARN (AuthFilter.java:41):/mMusic/mMusicUpdate
[2018-09-02 12:17:44,811]ERROR (AuthFilter.java:43):/mMusic/mMusicUpdate
[2018-09-02 12:17:44,811]FATAL (AuthFilter.java:45):/mMusic/mMusicUpdate
[2018-09-02 12:18:23,580] INFO (AuthFilter.java:39):/mMusic/mMusicList
[2018-09-02 12:18:23,583] WARN (AuthFilter.java:41):/mMusic/mMusicList
[2018-09-02 12:18:23,583]ERROR (AuthFilter.java:43):/mMusic/mMusicList
[2018-09-02 12:18:23,584]FATAL (AuthFilter.java:45):/mMusic/mMusicList
[2018-09-02 12:18:25,455] INFO (AuthFilter.java:39):/mMusic/mMusicView
[2018-09-02 12:18:25,456] WARN (AuthFilter.java:41):/mMusic/mMusicView
[2018-09-02 12:18:25,456]ERROR (AuthFilter.java:43):/mMusic/mMusicView
[2018-09-02 12:18:25,457]FATAL (AuthFilter.java:45):/mMusic/mMusicView
[2018-09-02 12:18:28,001] INFO (AuthFilter.java:39):/mMusic/mMusicUpdate
[2018-09-02 12:18:28,001] WARN (AuthFilter.java:41):/mMusic/mMusicUpdate
[2018-09-02 12:18:28,002]ERROR (AuthFilter.java:43):/mMusic/mMusicUpdate
[2018-09-02 12:18:28,002]FATAL (AuthFilter.java:45):/mMusic/mMusicUpdate
[2018-09-02 12:19:33,220] INFO (AuthFilter.java:39):/mMusic/mMusicList
[2018-09-02 12:19:33,221] WARN (AuthFilter.java:41):/mMusic/mMusicList
[2018-09-02 12:19:33,222]ERROR (AuthFilter.java:43):/mMusic/mMusicList
[2018-09-02 12:19:33,222]FATAL (AuthFilter.java:45):/mMusic/mMusicList
[2018-09-02 12:19:35,176] INFO (AuthFilter.java:39):/mMusic/mMusicView
[2018-09-02 12:19:35,177] WARN (AuthFilter.java:41):/mMusic/mMusicView
[2018-09-02 12:19:35,177]ERROR (AuthFilter.java:43):/mMusic/mMusicView
[2018-09-02 12:19:35,177]FATAL (AuthFilter.java:45):/mMusic/mMusicView
[2018-09-02 12:19:40,970] INFO (AuthFilter.java:39):/mMusic/mMusicUpdate
[2018-09-02 12:19:40,971] WARN (AuthFilter.java:41):/mMusic/mMusicUpdate
[2018-09-02 12:19:40,971]ERROR (AuthFilter.java:43):/mMusic/mMusicUpdate
[2018-09-02 12:19:40,971]FATAL (AuthFilter.java:45):/mMusic/mMusicUpdate
[2018-09-02 12:20:19,603] INFO (AuthFilter.java:39):/
[2018-09-02 12:20:19,615] WARN (AuthFilter.java:41):/
[2018-09-02 12:20:19,615]ERROR (AuthFilter.java:43):/
[2018-09-02 12:20:19,615]FATAL (AuthFilter.java:45):/
[2018-09-02 12:20:31,193] INFO (AuthFilter.java:39):/mMusic/mMusicList
[2018-09-02 12:20:31,194] WARN (AuthFilter.java:41):/mMusic/mMusicList
[2018-09-02 12:20:31,194]ERROR (AuthFilter.java:43):/mMusic/mMusicList
[2018-09-02 12:20:31,195]FATAL (AuthFilter.java:45):/mMusic/mMusicList
[2018-09-02 12:20:33,537] INFO (AuthFilter.java:39):/mMusic/mMusicView
[2018-09-02 12:20:33,537] WARN (AuthFilter.java:41):/mMusic/mMusicView
[2018-09-02 12:20:33,538]ERROR (AuthFilter.java:43):/mMusic/mMusicView
[2018-09-02 12:20:33,538]FATAL (AuthFilter.java:45):/mMusic/mMusicView
[2018-09-02 12:20:39,253] INFO (AuthFilter.java:39):/mMusic/mMusicUpdate
[2018-09-02 12:20:39,254] WARN (AuthFilter.java:41):/mMusic/mMusicUpdate
[2018-09-02 12:20:39,254]ERROR (AuthFilter.java:43):/mMusic/mMusicUpdate
[2018-09-02 12:20:39,255]FATAL (AuthFilter.java:45):/mMusic/mMusicUpdate
[2018-09-02 12:21:59,073] INFO (AuthFilter.java:39):/mMusic/mMusicUpdate
[2018-09-02 12:21:59,084] WARN (AuthFilter.java:41):/mMusic/mMusicUpdate
[2018-09-02 12:21:59,084]ERROR (AuthFilter.java:43):/mMusic/mMusicUpdate
[2018-09-02 12:21:59,084]FATAL (AuthFilter.java:45):/mMusic/mMusicUpdate
[2018-09-02 12:22:04,121] INFO (AuthFilter.java:39):/mMusic/mMusicList
[2018-09-02 12:22:04,123] WARN (AuthFilter.java:41):/mMusic/mMusicList
[2018-09-02 12:22:04,124]ERROR (AuthFilter.java:43):/mMusic/mMusicList
[2018-09-02 12:22:04,125]FATAL (AuthFilter.java:45):/mMusic/mMusicList
[2018-09-02 12:22:06,247] INFO (AuthFilter.java:39):/mMusic/mMusicView
[2018-09-02 12:22:06,248] WARN (AuthFilter.java:41):/mMusic/mMusicView
[2018-09-02 12:22:06,249]ERROR (AuthFilter.java:43):/mMusic/mMusicView
[2018-09-02 12:22:06,249]FATAL (AuthFilter.java:45):/mMusic/mMusicView
[2018-09-02 12:22:12,518] INFO (AuthFilter.java:39):/mMusic/mMusicUpdate
[2018-09-02 12:22:12,519] WARN (AuthFilter.java:41):/mMusic/mMusicUpdate
[2018-09-02 12:22:12,519]ERROR (AuthFilter.java:43):/mMusic/mMusicUpdate
[2018-09-02 12:22:12,520]FATAL (AuthFilter.java:45):/mMusic/mMusicUpdate
[2018-09-02 12:22:19,939] INFO (AuthFilter.java:39):/mMusic/mMusicList
[2018-09-02 12:22:19,941] WARN (AuthFilter.java:41):/mMusic/mMusicList
[2018-09-02 12:22:19,942]ERROR (AuthFilter.java:43):/mMusic/mMusicList
[2018-09-02 12:22:19,943]FATAL (AuthFilter.java:45):/mMusic/mMusicList
[2018-09-02 12:22:21,351] INFO (AuthFilter.java:39):/mMusic/mMusicView
[2018-09-02 12:22:21,352] WARN (AuthFilter.java:41):/mMusic/mMusicView
[2018-09-02 12:22:21,352]ERROR (AuthFilter.java:43):/mMusic/mMusicView
[2018-09-02 12:22:21,353]FATAL (AuthFilter.java:45):/mMusic/mMusicView
[2018-09-02 12:22:25,328] INFO (AuthFilter.java:39):/mMusic/mMusicUpdate
[2018-09-02 12:22:25,328] WARN (AuthFilter.java:41):/mMusic/mMusicUpdate
[2018-09-02 12:22:25,329]ERROR (AuthFilter.java:43):/mMusic/mMusicUpdate
[2018-09-02 12:22:25,329]FATAL (AuthFilter.java:45):/mMusic/mMusicUpdate
[2018-09-02 12:25:04,402] INFO (AuthFilter.java:39):/mMusic/mMusicList
[2018-09-02 12:25:04,414] WARN (AuthFilter.java:41):/mMusic/mMusicList
[2018-09-02 12:25:04,414]ERROR (AuthFilter.java:43):/mMusic/mMusicList
[2018-09-02 12:25:04,414]FATAL (AuthFilter.java:45):/mMusic/mMusicList
[2018-09-02 12:25:06,672] INFO (AuthFilter.java:39):/mMusic/mMusicView
[2018-09-02 12:25:06,674] WARN (AuthFilter.java:41):/mMusic/mMusicView
[2018-09-02 12:25:06,674]ERROR (AuthFilter.java:43):/mMusic/mMusicView
[2018-09-02 12:25:06,675]FATAL (AuthFilter.java:45):/mMusic/mMusicView
[2018-09-02 12:25:10,389] INFO (AuthFilter.java:39):/mMusic/mMusicUpdate
[2018-09-02 12:25:10,390] WARN (AuthFilter.java:41):/mMusic/mMusicUpdate
[2018-09-02 12:25:10,391]ERROR (AuthFilter.java:43):/mMusic/mMusicUpdate
[2018-09-02 12:25:10,391]FATAL (AuthFilter.java:45):/mMusic/mMusicUpdate
[2018-09-02 12:25:12,466] INFO (AuthFilter.java:39):/mMusic/mMusicList
[2018-09-02 12:25:12,466] WARN (AuthFilter.java:41):/mMusic/mMusicList
[2018-09-02 12:25:12,467]ERROR (AuthFilter.java:43):/mMusic/mMusicList
[2018-09-02 12:25:12,467]FATAL (AuthFilter.java:45):/mMusic/mMusicList
[2018-09-02 12:25:46,800] INFO (AuthFilter.java:39):/mMusic/mMusicView
[2018-09-02 12:25:46,801] WARN (AuthFilter.java:41):/mMusic/mMusicView
[2018-09-02 12:25:46,801]ERROR (AuthFilter.java:43):/mMusic/mMusicView
[2018-09-02 12:25:46,802]FATAL (AuthFilter.java:45):/mMusic/mMusicView
[2018-09-02 12:25:52,699] INFO (AuthFilter.java:39):/mMusic/mMusicUpdate
[2018-09-02 12:25:52,699] WARN (AuthFilter.java:41):/mMusic/mMusicUpdate
[2018-09-02 12:25:52,700]ERROR (AuthFilter.java:43):/mMusic/mMusicUpdate
[2018-09-02 12:25:52,700]FATAL (AuthFilter.java:45):/mMusic/mMusicUpdate
[2018-09-02 12:25:53,937] INFO (AuthFilter.java:39):/mMusic/mMusicList
[2018-09-02 12:25:53,937] WARN (AuthFilter.java:41):/mMusic/mMusicList
[2018-09-02 12:25:53,938]ERROR (AuthFilter.java:43):/mMusic/mMusicList
[2018-09-02 12:25:53,938]FATAL (AuthFilter.java:45):/mMusic/mMusicList
[2018-09-02 13:13:29,406] INFO (AuthFilter.java:39):/
[2018-09-02 13:13:29,418] WARN (AuthFilter.java:41):/
[2018-09-02 13:13:29,419]ERROR (AuthFilter.java:43):/
[2018-09-02 13:13:29,419]FATAL (AuthFilter.java:45):/
[2018-09-02 13:14:25,643] INFO (AuthFilter.java:39):/member/memberList
[2018-09-02 13:14:25,644] WARN (AuthFilter.java:41):/member/memberList
[2018-09-02 13:14:25,644]ERROR (AuthFilter.java:43):/member/memberList
[2018-09-02 13:14:25,645]FATAL (AuthFilter.java:45):/member/memberList
[2018-09-02 13:14:27,635] INFO (AuthFilter.java:39):/favicon.ico
[2018-09-02 13:14:27,635] WARN (AuthFilter.java:41):/favicon.ico
[2018-09-02 13:14:27,636]ERROR (AuthFilter.java:43):/favicon.ico
[2018-09-02 13:14:27,636]FATAL (AuthFilter.java:45):/favicon.ico
[2018-09-02 13:14:29,944] INFO (AuthFilter.java:39):/member/memberInsert
[2018-09-02 13:14:29,945] WARN (AuthFilter.java:41):/member/memberInsert
[2018-09-02 13:14:29,945]ERROR (AuthFilter.java:43):/member/memberInsert
[2018-09-02 13:14:29,945]FATAL (AuthFilter.java:45):/member/memberInsert
[2018-09-02 13:14:36,264] INFO (AuthFilter.java:39):/depart/departList
[2018-09-02 13:14:36,265] WARN (AuthFilter.java:41):/depart/departList
[2018-09-02 13:14:36,266]ERROR (AuthFilter.java:43):/depart/departList
[2018-09-02 13:14:36,266]FATAL (AuthFilter.java:45):/depart/departList
[2018-09-02 13:14:38,031] INFO (AuthFilter.java:39):/views/depart/departInsert
[2018-09-02 13:14:38,032] WARN (AuthFilter.java:41):/views/depart/departInsert
[2018-09-02 13:14:38,033]ERROR (AuthFilter.java:43):/views/depart/departInsert
[2018-09-02 13:14:38,033]FATAL (AuthFilter.java:45):/views/depart/departInsert
[2018-09-02 13:14:44,635] INFO (AuthFilter.java:39):/depart/departInsert
[2018-09-02 13:14:44,636] WARN (AuthFilter.java:41):/depart/departInsert
[2018-09-02 13:14:44,637]ERROR (AuthFilter.java:43):/depart/departInsert
[2018-09-02 13:14:44,638]FATAL (AuthFilter.java:45):/depart/departInsert
[2018-09-02 13:14:50,240] INFO (AuthFilter.java:39):/depart/departView
[2018-09-02 13:14:50,241] WARN (AuthFilter.java:41):/depart/departView
[2018-09-02 13:14:50,241]ERROR (AuthFilter.java:43):/depart/departView
[2018-09-02 13:14:50,242]FATAL (AuthFilter.java:45):/depart/departView
[2018-09-02 13:14:54,553] INFO (AuthFilter.java:39):/depart/departDelete
[2018-09-02 13:14:54,554] WARN (AuthFilter.java:41):/depart/departDelete
[2018-09-02 13:14:54,554]ERROR (AuthFilter.java:43):/depart/departDelete
[2018-09-02 13:14:54,554]FATAL (AuthFilter.java:45):/depart/departDelete
[2018-09-02 13:15:00,193] INFO (AuthFilter.java:39):/depart/departUpdate
[2018-09-02 13:15:00,194] WARN (AuthFilter.java:41):/depart/departUpdate
[2018-09-02 13:15:00,194]ERROR (AuthFilter.java:43):/depart/departUpdate
[2018-09-02 13:15:00,195]FATAL (AuthFilter.java:45):/depart/departUpdate
[2018-09-02 13:15:06,610] INFO (AuthFilter.java:39):/depart/departUpdate
[2018-09-02 13:15:06,611] WARN (AuthFilter.java:41):/depart/departUpdate
[2018-09-02 13:15:06,611]ERROR (AuthFilter.java:43):/depart/departUpdate
[2018-09-02 13:15:06,612]FATAL (AuthFilter.java:45):/depart/departUpdate
[2018-09-02 13:15:14,513] INFO (AuthFilter.java:39):/member/memberList
[2018-09-02 13:15:14,514] WARN (AuthFilter.java:41):/member/memberList
[2018-09-02 13:15:14,515]ERROR (AuthFilter.java:43):/member/memberList
[2018-09-02 13:15:14,515]FATAL (AuthFilter.java:45):/member/memberList
[2018-09-02 13:15:15,633] INFO (AuthFilter.java:39):/level/levelList
[2018-09-02 13:15:15,633] WARN (AuthFilter.java:41):/level/levelList
[2018-09-02 13:15:15,633]ERROR (AuthFilter.java:43):/level/levelList
[2018-09-02 13:15:15,634]FATAL (AuthFilter.java:45):/level/levelList
[2018-09-02 13:15:20,465] INFO (AuthFilter.java:39):/depart/departList
[2018-09-02 13:15:20,466] WARN (AuthFilter.java:41):/depart/departList
[2018-09-02 13:15:20,466]ERROR (AuthFilter.java:43):/depart/departList
[2018-09-02 13:15:20,467]FATAL (AuthFilter.java:45):/depart/departList
[2018-09-02 13:18:39,414] INFO (AuthFilter.java:39):/mMusic/mMusicList
[2018-09-02 13:18:39,415] WARN (AuthFilter.java:41):/mMusic/mMusicList
[2018-09-02 13:18:39,415]ERROR (AuthFilter.java:43):/mMusic/mMusicList
[2018-09-02 13:18:39,415]FATAL (AuthFilter.java:45):/mMusic/mMusicList
[2018-09-02 13:18:40,408] INFO (AuthFilter.java:39):/favicon.ico
[2018-09-02 13:18:40,408] WARN (AuthFilter.java:41):/favicon.ico
[2018-09-02 13:18:40,408]ERROR (AuthFilter.java:43):/favicon.ico
[2018-09-02 13:18:40,409]FATAL (AuthFilter.java:45):/favicon.ico
[2018-09-02 13:18:42,329] INFO (AuthFilter.java:39):/views/mMusic/mMusicInsert
[2018-09-02 13:18:42,330] WARN (AuthFilter.java:41):/views/mMusic/mMusicInsert
[2018-09-02 13:18:42,330]ERROR (AuthFilter.java:43):/views/mMusic/mMusicInsert
[2018-09-02 13:18:42,331]FATAL (AuthFilter.java:45):/views/mMusic/mMusicInsert
[2018-09-02 13:19:38,935] INFO (AuthFilter.java:39):/mMusic/mMusicInsert
[2018-09-02 13:19:38,936] WARN (AuthFilter.java:41):/mMusic/mMusicInsert
[2018-09-02 13:19:38,936]ERROR (AuthFilter.java:43):/mMusic/mMusicInsert
[2018-09-02 13:19:38,936]FATAL (AuthFilter.java:45):/mMusic/mMusicInsert
[2018-09-02 13:19:39,956] INFO (AuthFilter.java:39):/mMusic/mMusicList
[2018-09-02 13:19:39,957] WARN (AuthFilter.java:41):/mMusic/mMusicList
[2018-09-02 13:19:39,957]ERROR (AuthFilter.java:43):/mMusic/mMusicList
[2018-09-02 13:19:39,957]FATAL (AuthFilter.java:45):/mMusic/mMusicList
[2018-09-02 13:19:45,215] INFO (AuthFilter.java:39):/mMusic/mMusicView
[2018-09-02 13:19:45,216] WARN (AuthFilter.java:41):/mMusic/mMusicView
[2018-09-02 13:19:45,217]ERROR (AuthFilter.java:43):/mMusic/mMusicView
[2018-09-02 13:19:45,217]FATAL (AuthFilter.java:45):/mMusic/mMusicView
[2018-09-02 13:19:58,265] INFO (AuthFilter.java:39):/
[2018-09-02 13:19:58,265] WARN (AuthFilter.java:41):/
[2018-09-02 13:19:58,266]ERROR (AuthFilter.java:43):/
[2018-09-02 13:19:58,266]FATAL (AuthFilter.java:45):/
[2018-09-02 13:20:07,893] INFO (AuthFilter.java:39):/mMusic/mMusicList
[2018-09-02 13:20:07,893] WARN (AuthFilter.java:41):/mMusic/mMusicList
[2018-09-02 13:20:07,894]ERROR (AuthFilter.java:43):/mMusic/mMusicList
[2018-09-02 13:20:07,894]FATAL (AuthFilter.java:45):/mMusic/mMusicList
[2018-09-02 13:20:13,371] INFO (AuthFilter.java:39):/mMusic/mMusicView
[2018-09-02 13:20:13,372] WARN (AuthFilter.java:41):/mMusic/mMusicView
[2018-09-02 13:20:13,372]ERROR (AuthFilter.java:43):/mMusic/mMusicView
[2018-09-02 13:20:13,373]FATAL (AuthFilter.java:45):/mMusic/mMusicView
[2018-09-02 13:20:38,017] INFO (AuthFilter.java:39):/mMusic/mMusicView
[2018-09-02 13:20:38,017] WARN (AuthFilter.java:41):/mMusic/mMusicView
[2018-09-02 13:20:38,018]ERROR (AuthFilter.java:43):/mMusic/mMusicView
[2018-09-02 13:20:38,018]FATAL (AuthFilter.java:45):/mMusic/mMusicView
[2018-09-02 13:20:47,568] INFO (AuthFilter.java:39):/mMusic/mMusicUpdate
[2018-09-02 13:20:47,568] WARN (AuthFilter.java:41):/mMusic/mMusicUpdate
[2018-09-02 13:20:47,569]ERROR (AuthFilter.java:43):/mMusic/mMusicUpdate
[2018-09-02 13:20:47,570]FATAL (AuthFilter.java:45):/mMusic/mMusicUpdate
[2018-09-02 13:20:48,809] INFO (AuthFilter.java:39):/mMusic/mMusicList
[2018-09-02 13:20:48,809] WARN (AuthFilter.java:41):/mMusic/mMusicList
[2018-09-02 13:20:48,810]ERROR (AuthFilter.java:43):/mMusic/mMusicList
[2018-09-02 13:20:48,810]FATAL (AuthFilter.java:45):/mMusic/mMusicList
[2018-09-02 13:20:52,313] INFO (AuthFilter.java:39):/mMusic/mMusicView
[2018-09-02 13:20:52,313] WARN (AuthFilter.java:41):/mMusic/mMusicView
[2018-09-02 13:20:52,314]ERROR (AuthFilter.java:43):/mMusic/mMusicView
[2018-09-02 13:20:52,314]FATAL (AuthFilter.java:45):/mMusic/mMusicView
[2018-09-02 13:20:53,584] INFO (AuthFilter.java:39):/mMusic/mMusicDelete
[2018-09-02 13:20:53,585] WARN (AuthFilter.java:41):/mMusic/mMusicDelete
[2018-09-02 13:20:53,585]ERROR (AuthFilter.java:43):/mMusic/mMusicDelete
[2018-09-02 13:20:53,586]FATAL (AuthFilter.java:45):/mMusic/mMusicDelete
[2018-09-02 13:20:54,911] INFO (AuthFilter.java:39):/mMusic/mMusicList
[2018-09-02 13:20:54,911] WARN (AuthFilter.java:41):/mMusic/mMusicList
[2018-09-02 13:20:54,911]ERROR (AuthFilter.java:43):/mMusic/mMusicList
[2018-09-02 13:20:54,912]FATAL (AuthFilter.java:45):/mMusic/mMusicList
[2018-09-02 20:01:37,616] INFO (AuthFilter.java:39):/
[2018-09-02 20:01:37,632] WARN (AuthFilter.java:41):/
[2018-09-02 20:01:37,632]ERROR (AuthFilter.java:43):/
[2018-09-02 20:01:37,645]FATAL (AuthFilter.java:45):/
[2018-09-02 20:01:54,612] INFO (AuthFilter.java:39):/menu2/menuList
[2018-09-02 20:01:54,614] WARN (AuthFilter.java:41):/menu2/menuList
[2018-09-02 20:01:54,614]ERROR (AuthFilter.java:43):/menu2/menuList
[2018-09-02 20:01:54,615]FATAL (AuthFilter.java:45):/menu2/menuList
[2018-09-02 20:01:56,292] INFO (AuthFilter.java:39):/vendor/bootstrap/css/bootstrap.min.css
[2018-09-02 20:01:56,293] WARN (AuthFilter.java:41):/vendor/bootstrap/css/bootstrap.min.css
[2018-09-02 20:01:56,293]ERROR (AuthFilter.java:43):/vendor/bootstrap/css/bootstrap.min.css
[2018-09-02 20:01:56,293] INFO (AuthFilter.java:39):/css/simple-sidebar.css
[2018-09-02 20:01:56,294] WARN (AuthFilter.java:41):/css/simple-sidebar.css
[2018-09-02 20:01:56,295]ERROR (AuthFilter.java:43):/css/simple-sidebar.css
[2018-09-02 20:01:56,301]FATAL (AuthFilter.java:45):/css/simple-sidebar.css
[2018-09-02 20:01:56,293]FATAL (AuthFilter.java:45):/vendor/bootstrap/css/bootstrap.min.css
[2018-09-02 20:01:56,300] INFO (AuthFilter.java:39):/css/common.css
[2018-09-02 20:01:56,315] WARN (AuthFilter.java:41):/css/common.css
[2018-09-02 20:01:56,315]ERROR (AuthFilter.java:43):/css/common.css
[2018-09-02 20:01:56,315]FATAL (AuthFilter.java:45):/css/common.css
[2018-09-02 20:01:56,317] INFO (AuthFilter.java:39):/vendor/jquery/jquery.min.js
[2018-09-02 20:01:56,317] WARN (AuthFilter.java:41):/vendor/jquery/jquery.min.js
[2018-09-02 20:01:56,317]ERROR (AuthFilter.java:43):/vendor/jquery/jquery.min.js
[2018-09-02 20:01:56,318]FATAL (AuthFilter.java:45):/vendor/jquery/jquery.min.js
[2018-09-02 20:01:56,325] INFO (AuthFilter.java:39):/vendor/common.js
[2018-09-02 20:01:56,326] WARN (AuthFilter.java:41):/vendor/common.js
[2018-09-02 20:01:56,326]ERROR (AuthFilter.java:43):/vendor/common.js
[2018-09-02 20:01:56,326]FATAL (AuthFilter.java:45):/vendor/common.js
[2018-09-02 20:01:56,328] INFO (AuthFilter.java:39):/vendor/bootstrap/js/bootstrap.bundle.min.js
[2018-09-02 20:01:56,330] WARN (AuthFilter.java:41):/vendor/bootstrap/js/bootstrap.bundle.min.js
[2018-09-02 20:01:56,331]ERROR (AuthFilter.java:43):/vendor/bootstrap/js/bootstrap.bundle.min.js
[2018-09-02 20:01:56,331]FATAL (AuthFilter.java:45):/vendor/bootstrap/js/bootstrap.bundle.min.js
[2018-09-02 20:01:56,819] INFO (AuthFilter.java:39):/favicon.ico
[2018-09-02 20:01:56,819] WARN (AuthFilter.java:41):/favicon.ico
[2018-09-02 20:01:56,820]ERROR (AuthFilter.java:43):/favicon.ico
[2018-09-02 20:01:56,820]FATAL (AuthFilter.java:45):/favicon.ico
[2018-09-02 20:02:10,533] INFO (AuthFilter.java:39):/views/menu2/menuInsert
[2018-09-02 20:02:10,534] WARN (AuthFilter.java:41):/views/menu2/menuInsert
[2018-09-02 20:02:10,534]ERROR (AuthFilter.java:43):/views/menu2/menuInsert
[2018-09-02 20:02:10,535]FATAL (AuthFilter.java:45):/views/menu2/menuInsert
[2018-09-02 20:02:18,126] INFO (AuthFilter.java:39):/menu2/menuInsert
[2018-09-02 20:02:18,127] WARN (AuthFilter.java:41):/menu2/menuInsert
[2018-09-02 20:02:18,127]ERROR (AuthFilter.java:43):/menu2/menuInsert
[2018-09-02 20:02:18,128]FATAL (AuthFilter.java:45):/menu2/menuInsert
[2018-09-02 20:02:19,059] INFO (AuthFilter.java:39):/menu2/menuList
[2018-09-02 20:02:19,060] WARN (AuthFilter.java:41):/menu2/menuList
[2018-09-02 20:02:19,060]ERROR (AuthFilter.java:43):/menu2/menuList
[2018-09-02 20:02:19,061]FATAL (AuthFilter.java:45):/menu2/menuList
[2018-09-02 20:02:21,380] INFO (AuthFilter.java:39):/menu2/menuView
[2018-09-02 20:02:21,381] WARN (AuthFilter.java:41):/menu2/menuView
[2018-09-02 20:02:21,381]ERROR (AuthFilter.java:43):/menu2/menuView
[2018-09-02 20:02:21,382]FATAL (AuthFilter.java:45):/menu2/menuView
[2018-09-02 20:02:22,716] INFO (AuthFilter.java:39):/menu2/menuUpdate
[2018-09-02 20:02:22,717] WARN (AuthFilter.java:41):/menu2/menuUpdate
[2018-09-02 20:02:22,718]ERROR (AuthFilter.java:43):/menu2/menuUpdate
[2018-09-02 20:02:22,718]FATAL (AuthFilter.java:45):/menu2/menuUpdate
[2018-09-02 20:02:23,764] INFO (AuthFilter.java:39):/menu2/menuList
[2018-09-02 20:02:23,765] WARN (AuthFilter.java:41):/menu2/menuList
[2018-09-02 20:02:23,765]ERROR (AuthFilter.java:43):/menu2/menuList
[2018-09-02 20:02:23,765]FATAL (AuthFilter.java:45):/menu2/menuList
[2018-09-02 20:02:24,852] INFO (AuthFilter.java:39):/menu2/menuView
[2018-09-02 20:02:24,852] WARN (AuthFilter.java:41):/menu2/menuView
[2018-09-02 20:02:24,853]ERROR (AuthFilter.java:43):/menu2/menuView
[2018-09-02 20:02:24,853]FATAL (AuthFilter.java:45):/menu2/menuView
[2018-09-02 20:02:26,405] INFO (AuthFilter.java:39):/menu2/menuUpdate
[2018-09-02 20:02:26,406] WARN (AuthFilter.java:41):/menu2/menuUpdate
[2018-09-02 20:02:26,406]ERROR (AuthFilter.java:43):/menu2/menuUpdate
[2018-09-02 20:02:26,407]FATAL (AuthFilter.java:45):/menu2/menuUpdate
[2018-09-02 20:02:27,300] INFO (AuthFilter.java:39):/menu2/menuList
[2018-09-02 20:02:27,300] WARN (AuthFilter.java:41):/menu2/menuList
[2018-09-02 20:02:27,301]ERROR (AuthFilter.java:43):/menu2/menuList
[2018-09-02 20:02:27,301]FATAL (AuthFilter.java:45):/menu2/menuList
[2018-09-02 20:02:28,542] INFO (AuthFilter.java:39):/menu2/menuView
[2018-09-02 20:02:28,542] WARN (AuthFilter.java:41):/menu2/menuView
[2018-09-02 20:02:28,543]ERROR (AuthFilter.java:43):/menu2/menuView
[2018-09-02 20:02:28,543]FATAL (AuthFilter.java:45):/menu2/menuView
[2018-09-02 20:02:29,749] INFO (AuthFilter.java:39):/menu2/menuDelete
[2018-09-02 20:02:29,750] WARN (AuthFilter.java:41):/menu2/menuDelete
[2018-09-02 20:02:29,750]ERROR (AuthFilter.java:43):/menu2/menuDelete
[2018-09-02 20:02:29,751]FATAL (AuthFilter.java:45):/menu2/menuDelete
[2018-09-02 20:02:30,709] INFO (AuthFilter.java:39):/menu2/menuList
[2018-09-02 20:02:30,710] WARN (AuthFilter.java:41):/menu2/menuList
[2018-09-02 20:02:30,711]ERROR (AuthFilter.java:43):/menu2/menuList
[2018-09-02 20:02:30,711]FATAL (AuthFilter.java:45):/menu2/menuList
[2018-09-02 20:38:59,782] INFO (AuthFilter.java:39):/
[2018-09-02 20:38:59,799] WARN (AuthFilter.java:41):/
[2018-09-02 20:38:59,800]ERROR (AuthFilter.java:43):/
[2018-09-02 20:38:59,800]FATAL (AuthFilter.java:45):/
[2018-09-02 20:39:29,457] INFO (AuthFilter.java:39):/tMenu/TmenuList
[2018-09-02 20:39:29,460] WARN (AuthFilter.java:41):/tMenu/TmenuList
[2018-09-02 20:39:29,461]ERROR (AuthFilter.java:43):/tMenu/TmenuList
[2018-09-02 20:39:29,462]FATAL (AuthFilter.java:45):/tMenu/TmenuList
[2018-09-02 20:41:22,099] INFO (AuthFilter.java:39):/
[2018-09-02 20:41:22,111] WARN (AuthFilter.java:41):/
[2018-09-02 20:41:22,112]ERROR (AuthFilter.java:43):/
[2018-09-02 20:41:22,112]FATAL (AuthFilter.java:45):/
[2018-09-02 20:41:54,065] INFO (AuthFilter.java:39):/tMenu/TmenuList
[2018-09-02 20:41:54,067] WARN (AuthFilter.java:41):/tMenu/TmenuList
[2018-09-02 20:41:54,067]ERROR (AuthFilter.java:43):/tMenu/TmenuList
[2018-09-02 20:41:54,068]FATAL (AuthFilter.java:45):/tMenu/TmenuList
[2018-09-02 21:00:42,465] INFO (AuthFilter.java:39):/tMenu/TmenuList
[2018-09-02 21:00:42,480] WARN (AuthFilter.java:41):/tMenu/TmenuList
[2018-09-02 21:00:42,480]ERROR (AuthFilter.java:43):/tMenu/TmenuList
[2018-09-02 21:00:42,482]FATAL (AuthFilter.java:45):/tMenu/TmenuList
[2018-09-02 21:46:38,996] INFO (AuthFilter.java:39):/
[2018-09-02 21:46:39,010] WARN (AuthFilter.java:41):/
[2018-09-02 21:46:39,010]ERROR (AuthFilter.java:43):/
[2018-09-02 21:46:39,011]FATAL (AuthFilter.java:45):/
[2018-09-02 21:52:56,174] INFO (AuthFilter.java:39):/
[2018-09-02 21:52:56,184] WARN (AuthFilter.java:41):/
[2018-09-02 21:52:56,185]ERROR (AuthFilter.java:43):/
[2018-09-02 21:52:56,185]FATAL (AuthFilter.java:45):/
[2018-09-02 21:53:00,556] INFO (AuthFilter.java:39):/tMenu/TmenuList
[2018-09-02 21:53:00,557] WARN (AuthFilter.java:41):/tMenu/TmenuList
[2018-09-02 21:53:00,557]ERROR (AuthFilter.java:43):/tMenu/TmenuList
[2018-09-02 21:53:00,557]FATAL (AuthFilter.java:45):/tMenu/TmenuList
