[2018-08-31 13:46:14,893] INFO (AuthFilter.java:39):/music/musicList
[2018-08-31 13:46:14,905] WARN (AuthFilter.java:41):/music/musicList
[2018-08-31 13:46:14,905]ERROR (AuthFilter.java:43):/music/musicList
[2018-08-31 13:46:14,905]FATAL (AuthFilter.java:45):/music/musicList
[2018-08-31 13:58:22,558] INFO (AuthFilter.java:39):/menu2/menuList
[2018-08-31 13:58:22,559] WARN (AuthFilter.java:41):/menu2/menuList
[2018-08-31 13:58:22,559]ERROR (AuthFilter.java:43):/menu2/menuList
[2018-08-31 13:58:22,560]FATAL (AuthFilter.java:45):/menu2/menuList
[2018-08-31 13:58:24,045] INFO (AuthFilter.java:39):/views/menu2/menuInsert
[2018-08-31 13:58:24,046] WARN (AuthFilter.java:41):/views/menu2/menuInsert
[2018-08-31 13:58:24,046]ERROR (AuthFilter.java:43):/views/menu2/menuInsert
[2018-08-31 13:58:24,047]FATAL (AuthFilter.java:45):/views/menu2/menuInsert
[2018-08-31 14:01:09,835] INFO (AuthFilter.java:39):/views/menu2/menuList
[2018-08-31 14:01:09,835] WARN (AuthFilter.java:41):/views/menu2/menuList
[2018-08-31 14:01:09,835]ERROR (AuthFilter.java:43):/views/menu2/menuList
[2018-08-31 14:01:09,835]FATAL (AuthFilter.java:45):/views/menu2/menuList
[2018-08-31 14:02:33,405] INFO (AuthFilter.java:39):/menu2/menuList
[2018-08-31 14:02:33,406] WARN (AuthFilter.java:41):/menu2/menuList
[2018-08-31 14:02:33,406]ERROR (AuthFilter.java:43):/menu2/menuList
[2018-08-31 14:02:33,406]FATAL (AuthFilter.java:45):/menu2/menuList
[2018-08-31 14:03:25,937] INFO (AuthFilter.java:39):/views/menu2/menuInsert
[2018-08-31 14:03:25,937] WARN (AuthFilter.java:41):/views/menu2/menuInsert
[2018-08-31 14:03:25,937]ERROR (AuthFilter.java:43):/views/menu2/menuInsert
[2018-08-31 14:03:25,938]FATAL (AuthFilter.java:45):/views/menu2/menuInsert
[2018-08-31 14:03:32,216] INFO (AuthFilter.java:39):/menu2/menuInsert
[2018-08-31 14:03:32,216] WARN (AuthFilter.java:41):/menu2/menuInsert
[2018-08-31 14:03:32,216]ERROR (AuthFilter.java:43):/menu2/menuInsert
[2018-08-31 14:03:32,216]FATAL (AuthFilter.java:45):/menu2/menuInsert
[2018-08-31 14:04:58,478] INFO (AuthFilter.java:39):/menu2/menuList
[2018-08-31 14:04:58,479] WARN (AuthFilter.java:41):/menu2/menuList
[2018-08-31 14:04:58,479]ERROR (AuthFilter.java:43):/menu2/menuList
[2018-08-31 14:04:58,479]FATAL (AuthFilter.java:45):/menu2/menuList
[2018-08-31 15:09:27,319] INFO (AuthFilter.java:39):/music/musicList
[2018-08-31 15:09:27,320] WARN (AuthFilter.java:41):/music/musicList
[2018-08-31 15:09:27,320]ERROR (AuthFilter.java:43):/music/musicList
[2018-08-31 15:09:27,322]FATAL (AuthFilter.java:45):/music/musicList
[2018-08-31 15:10:15,274] INFO (AuthFilter.java:39):/menu2/menuList
[2018-08-31 15:10:15,275] WARN (AuthFilter.java:41):/menu2/menuList
[2018-08-31 15:10:15,275]ERROR (AuthFilter.java:43):/menu2/menuList
[2018-08-31 15:10:15,275]FATAL (AuthFilter.java:45):/menu2/menuList
[2018-08-31 15:16:51,310] INFO (AuthFilter.java:39):/music/musicList
[2018-08-31 15:16:51,310] WARN (AuthFilter.java:41):/music/musicList
[2018-08-31 15:16:51,310]ERROR (AuthFilter.java:43):/music/musicList
[2018-08-31 15:16:51,311]FATAL (AuthFilter.java:45):/music/musicList
[2018-08-31 15:16:55,208] INFO (AuthFilter.java:39):/music/musicView
[2018-08-31 15:16:55,209] WARN (AuthFilter.java:41):/music/musicView
[2018-08-31 15:16:55,209]ERROR (AuthFilter.java:43):/music/musicView
[2018-08-31 15:16:55,210]FATAL (AuthFilter.java:45):/music/musicView
[2018-08-31 15:18:30,048] INFO (AuthFilter.java:39):/music/musicView
[2018-08-31 15:18:30,049] WARN (AuthFilter.java:41):/music/musicView
[2018-08-31 15:18:30,051]ERROR (AuthFilter.java:43):/music/musicView
[2018-08-31 15:18:30,051]FATAL (AuthFilter.java:45):/music/musicView
[2018-08-31 15:18:34,278] INFO (AuthFilter.java:39):/music/musicDelete
[2018-08-31 15:18:34,278] WARN (AuthFilter.java:41):/music/musicDelete
[2018-08-31 15:18:34,279]ERROR (AuthFilter.java:43):/music/musicDelete
[2018-08-31 15:18:34,279]FATAL (AuthFilter.java:45):/music/musicDelete
[2018-08-31 15:18:35,518] INFO (AuthFilter.java:39):/music/musicList
[2018-08-31 15:18:35,519] WARN (AuthFilter.java:41):/music/musicList
[2018-08-31 15:18:35,519]ERROR (AuthFilter.java:43):/music/musicList
[2018-08-31 15:18:35,519]FATAL (AuthFilter.java:45):/music/musicList
[2018-08-31 15:18:37,878] INFO (AuthFilter.java:39):/views/music/musicInsert
[2018-08-31 15:18:37,878] WARN (AuthFilter.java:41):/views/music/musicInsert
[2018-08-31 15:18:37,878]ERROR (AuthFilter.java:43):/views/music/musicInsert
[2018-08-31 15:18:37,879]FATAL (AuthFilter.java:45):/views/music/musicInsert
[2018-08-31 15:18:58,291] INFO (AuthFilter.java:39):/music/musicInsert
[2018-08-31 15:18:58,291] WARN (AuthFilter.java:41):/music/musicInsert
[2018-08-31 15:18:58,291]ERROR (AuthFilter.java:43):/music/musicInsert
[2018-08-31 15:18:58,291]FATAL (AuthFilter.java:45):/music/musicInsert
[2018-08-31 15:18:59,486] INFO (AuthFilter.java:39):/music/musicList
[2018-08-31 15:18:59,486] WARN (AuthFilter.java:41):/music/musicList
[2018-08-31 15:18:59,487]ERROR (AuthFilter.java:43):/music/musicList
[2018-08-31 15:18:59,487]FATAL (AuthFilter.java:45):/music/musicList
[2018-08-31 15:19:02,424] INFO (AuthFilter.java:39):/music/musicView
[2018-08-31 15:19:02,428] WARN (AuthFilter.java:41):/music/musicView
[2018-08-31 15:19:02,428]ERROR (AuthFilter.java:43):/music/musicView
[2018-08-31 15:19:02,429]FATAL (AuthFilter.java:45):/music/musicView
[2018-08-31 15:19:58,910] INFO (AuthFilter.java:39):/music/musicList
[2018-08-31 15:19:58,911] WARN (AuthFilter.java:41):/music/musicList
[2018-08-31 15:19:58,911]ERROR (AuthFilter.java:43):/music/musicList
[2018-08-31 15:19:58,911]FATAL (AuthFilter.java:45):/music/musicList
[2018-08-31 15:20:00,886] INFO (AuthFilter.java:39):/music/musicView
[2018-08-31 15:20:00,886] WARN (AuthFilter.java:41):/music/musicView
[2018-08-31 15:20:00,886]ERROR (AuthFilter.java:43):/music/musicView
[2018-08-31 15:20:00,887]FATAL (AuthFilter.java:45):/music/musicView
[2018-08-31 15:23:22,518] INFO (AuthFilter.java:39):/music/musicView
[2018-08-31 15:23:22,518] WARN (AuthFilter.java:41):/music/musicView
[2018-08-31 15:23:22,519]ERROR (AuthFilter.java:43):/music/musicView
[2018-08-31 15:23:22,519]FATAL (AuthFilter.java:45):/music/musicView
[2018-08-31 15:47:00,099] INFO (AuthFilter.java:39):/menu/menuList
[2018-08-31 15:47:00,099] WARN (AuthFilter.java:41):/menu/menuList
[2018-08-31 15:47:00,099]ERROR (AuthFilter.java:43):/menu/menuList
[2018-08-31 15:47:00,099]FATAL (AuthFilter.java:45):/menu/menuList
[2018-08-31 15:47:14,118] INFO (AuthFilter.java:39):/menu2/menuList
[2018-08-31 15:47:14,119] WARN (AuthFilter.java:41):/menu2/menuList
[2018-08-31 15:47:14,119]ERROR (AuthFilter.java:43):/menu2/menuList
[2018-08-31 15:47:14,119]FATAL (AuthFilter.java:45):/menu2/menuList
[2018-08-31 16:00:30,533] INFO (AuthFilter.java:39):/menu2/menuList
[2018-08-31 16:00:30,535] WARN (AuthFilter.java:41):/menu2/menuList
[2018-08-31 16:00:30,535]ERROR (AuthFilter.java:43):/menu2/menuList
[2018-08-31 16:00:30,535]FATAL (AuthFilter.java:45):/menu2/menuList
[2018-08-31 16:00:34,175] INFO (AuthFilter.java:39):/menu2/menuView
[2018-08-31 16:00:34,175] WARN (AuthFilter.java:41):/menu2/menuView
[2018-08-31 16:00:34,176]ERROR (AuthFilter.java:43):/menu2/menuView
[2018-08-31 16:00:34,176]FATAL (AuthFilter.java:45):/menu2/menuView
